0 info it worked if it ends with ok
1 verbose cli [ 'E:\\coding\\lib\\nodejs\\\\node.exe',
1 verbose cli   'E:\\coding\\lib\\nodejs\\node_modules\\npm\\bin\\npm-cli.js',
1 verbose cli   'run',
1 verbose cli   'test' ]
2 info using npm@2.5.1
3 info using node@v0.12.0
4 verbose node symlink E:\coding\lib\nodejs\\node.exe
5 verbose run-script [ 'pretest', 'test', 'posttest' ]
6 info pretest redux@1.0.0
7 info test redux@1.0.0
8 verbose unsafe-perm in lifecycle true
9 info redux@1.0.0 Failed to exec test script
10 verbose stack Error: redux@1.0.0 test: `mocca --compilers js:babel-core/register --recursive`
10 verbose stack Exit status 1
10 verbose stack     at EventEmitter.<anonymous> (E:\coding\lib\nodejs\node_modules\npm\lib\utils\lifecycle.js:213:16)
10 verbose stack     at EventEmitter.emit (events.js:110:17)
10 verbose stack     at ChildProcess.<anonymous> (E:\coding\lib\nodejs\node_modules\npm\lib\utils\spawn.js:14:12)
10 verbose stack     at ChildProcess.emit (events.js:110:17)
10 verbose stack     at maybeClose (child_process.js:1008:16)
10 verbose stack     at Process.ChildProcess._handle.onexit (child_process.js:1080:5)
11 verbose pkgid redux@1.0.0
12 verbose cwd E:\code\js\redux
13 error Windows_NT 6.3.9600
14 error argv "E:\\coding\\lib\\nodejs\\\\node.exe" "E:\\coding\\lib\\nodejs\\node_modules\\npm\\bin\\npm-cli.js" "run" "test"
15 error node v0.12.0
16 error npm  v2.5.1
17 error code ELIFECYCLE
18 error redux@1.0.0 test: `mocca --compilers js:babel-core/register --recursive`
18 error Exit status 1
19 error Failed at the redux@1.0.0 test script 'mocca --compilers js:babel-core/register --recursive'.
19 error This is most likely a problem with the redux package,
19 error not with npm itself.
19 error Tell the author that this fails on your system:
19 error     mocca --compilers js:babel-core/register --recursive
19 error You can get their info via:
19 error     npm owner ls redux
19 error There is likely additional logging output above.
20 verbose exit [ 1, true ]
